<?xml version="1.0" encoding="UTF-8"?>
<testng-results skipped="0" failed="0" total="1" passed="1">
  <reporter-output>
  </reporter-output>
  <suite name="Default suite" duration-ms="16977" started-at="2013-11-30T18:25:04Z" finished-at="2013-11-30T18:25:21Z">
    <groups>
    </groups>
    <test name="Default test" duration-ms="16977" started-at="2013-11-30T18:25:04Z" finished-at="2013-11-30T18:25:21Z">
      <class name="tasks.DeleteCustomer">
        <test-method status="PASS" signature="launchBrowser()[pri:0, instance:tasks.DeleteCustomer@376f2723]" name="launchBrowser" is-config="true" duration-ms="10610" started-at="2013-11-30T23:55:04Z" finished-at="2013-11-30T23:55:15Z">
          <reporter-output>
          </reporter-output>
        </test-method> <!-- launchBrowser -->
        <test-method status="PASS" signature="login()[pri:0, instance:tasks.DeleteCustomer@376f2723]" name="login" is-config="true" duration-ms="1920" started-at="2013-11-30T23:55:15Z" finished-at="2013-11-30T23:55:17Z">
          <reporter-output>
          </reporter-output>
        </test-method> <!-- login -->
        <test-method status="PASS" signature="testdeleteCustomer()[pri:0, instance:tasks.DeleteCustomer@376f2723]" name="testdeleteCustomer" duration-ms="3681" started-at="2013-11-30T23:55:17Z" finished-at="2013-11-30T23:55:21Z">
          <reporter-output>
          </reporter-output>
        </test-method> <!-- testdeleteCustomer -->
        <test-method status="PASS" signature="logout()[pri:0, instance:tasks.DeleteCustomer@376f2723]" name="logout" is-config="true" duration-ms="360" started-at="2013-11-30T23:55:21Z" finished-at="2013-11-30T23:55:21Z">
          <reporter-output>
          </reporter-output>
        </test-method> <!-- logout -->
        <test-method status="PASS" signature="quit()[pri:0, instance:tasks.DeleteCustomer@376f2723]" name="quit" is-config="true" duration-ms="390" started-at="2013-11-30T23:55:21Z" finished-at="2013-11-30T23:55:21Z">
          <reporter-output>
          </reporter-output>
        </test-method> <!-- quit -->
      </class> <!-- tasks.DeleteCustomer -->
    </test> <!-- Default test -->
  </suite> <!-- Default suite -->
</testng-results>
